# JRE version: OpenJDK Runtime Environment (8.0_171-b11) (build 1.8.0_171-8u171-b11-0ubuntu0.18.04.1-b11)
# Java VM: OpenJDK 64-Bit Server VM (25.171-b11 mixed mode linux-amd64 compressed oops)
Heap:
 PSYoungGen      total 546816K, used 0K [0x00000000d5580000, 0x0000000100000000, 0x0000000100000000)
  eden space 394240K, 0% used [0x00000000d5580000,0x00000000d5580000,0x00000000ed680000)
  from space 152576K, 0% used [0x00000000f6b00000,0x00000000f6b00000,0x0000000100000000)
  to   space 152064K, 0% used [0x00000000ed680000,0x00000000ed680000,0x00000000f6b00000)
 ParOldGen       total 1000960K, used 783045K [0x0000000080000000, 0x00000000bd180000, 0x00000000d5580000)
  object space 1000960K, 78% used [0x0000000080000000,0x00000000afcb1670,0x00000000bd180000)
 Metaspace       used 66587K, capacity 67085K, committed 70912K, reserved 1110016K
  class space    used 9228K, capacity 9338K, committed 9984K, reserved 1048576K
GC Heap History (10 events):
Event: 3276,940 GC heap after
Heap after GC invocations=491 (full 25):
 PSYoungGen      total 543232K, used 39799K [0x00000000d5580000, 0x00000000feb80000, 0x0000000100000000)
  eden space 406528K, 0% used [0x00000000d5580000,0x00000000d5580000,0x00000000ee280000)
  from space 136704K, 29% used [0x00000000f6600000,0x00000000f8cddc28,0x00000000feb80000)
  to   space 134656K, 0% used [0x00000000ee280000,0x00000000ee280000,0x00000000f6600000)
 ParOldGen       total 1000960K, used 669305K [0x0000000080000000, 0x00000000bd180000, 0x00000000d5580000)
  object space 1000960K, 66% used [0x0000000080000000,0x00000000a8d9e4e0,0x00000000bd180000)
 Metaspace       used 66582K, capacity 67085K, committed 70912K, reserved 1110016K
  class space    used 9228K, capacity 9338K, committed 9984K, reserved 1048576K
}
Event: 3278,940 GC heap before
{Heap before GC invocations=492 (full 25):
 PSYoungGen      total 543232K, used 446327K [0x00000000d5580000, 0x00000000feb80000, 0x0000000100000000)
  eden space 406528K, 100% used [0x00000000d5580000,0x00000000ee280000,0x00000000ee280000)
  from space 136704K, 29% used [0x00000000f6600000,0x00000000f8cddc28,0x00000000feb80000)
  to   space 134656K, 0% used [0x00000000ee280000,0x00000000ee280000,0x00000000f6600000)
 ParOldGen       total 1000960K, used 669305K [0x0000000080000000, 0x00000000bd180000, 0x00000000d5580000)
  object space 1000960K, 66% used [0x0000000080000000,0x00000000a8d9e4e0,0x00000000bd180000)
 Metaspace       used 66582K, capacity 67085K, committed 70912K, reserved 1110016K
  class space    used 9228K, capacity 9338K, committed 9984K, reserved 1048576K
Event: 3279,050 GC heap after
Heap after GC invocations=492 (full 25):
 PSYoungGen      total 541184K, used 59936K [0x00000000d5580000, 0x00000000ff600000, 0x0000000100000000)
  eden space 406528K, 0% used [0x00000000d5580000,0x00000000d5580000,0x00000000ee280000)
  from space 134656K, 44% used [0x00000000ee280000,0x00000000f1d08030,0x00000000f6600000)
  to   space 130560K, 0% used [0x00000000f7680000,0x00000000f7680000,0x00000000ff600000)
 ParOldGen       total 1000960K, used 706301K [0x0000000080000000, 0x00000000bd180000, 0x00000000d5580000)
  object space 1000960K, 70% used [0x0000000080000000,0x00000000ab1bf640,0x00000000bd180000)
 Metaspace       used 66582K, capacity 67085K, committed 70912K, reserved 1110016K
  class space    used 9228K, capacity 9338K, committed 9984K, reserved 1048576K
}
Event: 3280,747 GC heap before
{Heap before GC invocations=493 (full 25):
 PSYoungGen      total 541184K, used 466464K [0x00000000d5580000, 0x00000000ff600000, 0x0000000100000000)
  eden space 406528K, 100% used [0x00000000d5580000,0x00000000ee280000,0x00000000ee280000)
  from space 134656K, 44% used [0x00000000ee280000,0x00000000f1d08030,0x00000000f6600000)
  to   space 130560K, 0% used [0x00000000f7680000,0x00000000f7680000,0x00000000ff600000)
 ParOldGen       total 1000960K, used 706301K [0x0000000080000000, 0x00000000bd180000, 0x00000000d5580000)
  object space 1000960K, 70% used [0x0000000080000000,0x00000000ab1bf640,0x00000000bd180000)
 Metaspace       used 66587K, capacity 67085K, committed 70912K, reserved 1110016K
  class space    used 9228K, capacity 9338K, committed 9984K, reserved 1048576K
Event: 3280,931 GC heap after
Heap after GC invocations=493 (full 25):
 PSYoungGen      total 532480K, used 117728K [0x00000000d5580000, 0x0000000100000000, 0x0000000100000000)
  eden space 401920K, 0% used [0x00000000d5580000,0x00000000d5580000,0x00000000ede00000)
  from space 130560K, 90% used [0x00000000f7680000,0x00000000fe978020,0x00000000ff600000)
  to   space 148480K, 0% used [0x00000000ede00000,0x00000000ede00000,0x00000000f6f00000)
 ParOldGen       total 1000960K, used 765753K [0x0000000080000000, 0x00000000bd180000, 0x00000000d5580000)
  object space 1000960K, 76% used [0x0000000080000000,0x00000000aebce670,0x00000000bd180000)
 Metaspace       used 66587K, capacity 67085K, committed 70912K, reserved 1110016K
  class space    used 9228K, capacity 9338K, committed 9984K, reserved 1048576K
}
Event: 3281,938 GC heap before
{Heap before GC invocations=494 (full 25):
 PSYoungGen      total 532480K, used 519648K [0x00000000d5580000, 0x0000000100000000, 0x0000000100000000)
  eden space 401920K, 100% used [0x00000000d5580000,0x00000000ede00000,0x00000000ede00000)
  from space 130560K, 90% used [0x00000000f7680000,0x00000000fe978020,0x00000000ff600000)
  to   space 148480K, 0% used [0x00000000ede00000,0x00000000ede00000,0x00000000f6f00000)
 ParOldGen       total 1000960K, used 765753K [0x0000000080000000, 0x00000000bd180000, 0x00000000d5580000)
  object space 1000960K, 76% used [0x0000000080000000,0x00000000aebce670,0x00000000bd180000)
 Metaspace       used 66587K, capacity 67085K, committed 70912K, reserved 1110016K
  class space    used 9228K, capacity 9338K, committed 9984K, reserved 1048576K
Event: 3282,168 GC heap after
Heap after GC invocations=494 (full 25):
 PSYoungGen      total 492544K, used 90336K [0x00000000d5580000, 0x0000000100000000, 0x0000000100000000)
  eden space 401920K, 0% used [0x00000000d5580000,0x00000000d5580000,0x00000000ede00000)
  from space 90624K, 99% used [0x00000000ede00000,0x00000000f3638020,0x00000000f3680000)
  to   space 152576K, 0% used [0x00000000f6b00000,0x00000000f6b00000,0x0000000100000000)
 ParOldGen       total 1000960K, used 883590K [0x0000000080000000, 0x00000000bd180000, 0x00000000d5580000)
  object space 1000960K, 88% used [0x0000000080000000,0x00000000b5ee19e8,0x00000000bd180000)
 Metaspace       used 66587K, capacity 67085K, committed 70912K, reserved 1110016K
  class space    used 9228K, capacity 9338K, committed 9984K, reserved 1048576K
}
Event: 3283,789 GC heap before
{Heap before GC invocations=495 (full 25):
 PSYoungGen      total 492544K, used 492256K [0x00000000d5580000, 0x0000000100000000, 0x0000000100000000)
  eden space 401920K, 100% used [0x00000000d5580000,0x00000000ede00000,0x00000000ede00000)
  from space 90624K, 99% used [0x00000000ede00000,0x00000000f3638020,0x00000000f3680000)
  to   space 152576K, 0% used [0x00000000f6b00000,0x00000000f6b00000,0x0000000100000000)
 ParOldGen       total 1000960K, used 883590K [0x0000000080000000, 0x00000000bd180000, 0x00000000d5580000)
  object space 1000960K, 88% used [0x0000000080000000,0x00000000b5ee19e8,0x00000000bd180000)
 Metaspace       used 66587K, capacity 67085K, committed 70912K, reserved 1110016K
  class space    used 9228K, capacity 9338K, committed 9984K, reserved 1048576K
Event: 3283,913 GC heap after
Heap after GC invocations=495 (full 25):
 PSYoungGen      total 546816K, used 3360K [0x00000000d5580000, 0x0000000100000000, 0x0000000100000000)
  eden space 394240K, 0% used [0x00000000d5580000,0x00000000d5580000,0x00000000ed680000)
  from space 152576K, 2% used [0x00000000f6b00000,0x00000000f6e48060,0x0000000100000000)
  to   space 152064K, 0% used [0x00000000ed680000,0x00000000ed680000,0x00000000f6b00000)
 ParOldGen       total 1000960K, used 970895K [0x0000000080000000, 0x00000000bd180000, 0x00000000d5580000)
  object space 1000960K, 96% used [0x0000000080000000,0x00000000bb423dd8,0x00000000bd180000)
 Metaspace       used 66587K, capacity 67085K, committed 70912K, reserved 1110016K
  class space    used 9228K, capacity 9338K, committed 9984K, reserved 1048576K
}
Event: 3283,913 GC heap before
{Heap before GC invocations=496 (full 26):
 PSYoungGen      total 546816K, used 3360K [0x00000000d5580000, 0x0000000100000000, 0x0000000100000000)
  eden space 394240K, 0% used [0x00000000d5580000,0x00000000d5580000,0x00000000ed680000)
  from space 152576K, 2% used [0x00000000f6b00000,0x00000000f6e48060,0x0000000100000000)
  to   space 152064K, 0% used [0x00000000ed680000,0x00000000ed680000,0x00000000f6b00000)
 ParOldGen       total 1000960K, used 970895K [0x0000000080000000, 0x00000000bd180000, 0x00000000d5580000)
  object space 1000960K, 96% used [0x0000000080000000,0x00000000bb423dd8,0x00000000bd180000)
 Metaspace       used 66587K, capacity 67085K, committed 70912K, reserved 1110016K
  class space    used 9228K, capacity 9338K, committed 9984K, reserved 1048576K

